[2022-01-27 14:12:41] local.ERROR: Unable to prepare route [sc_admin/locale/{code}] for serialization. Uses Closure. {"exception":"[object] (LogicException(code: 0): Unable to prepare route [sc_admin/locale/{code}] for serialization. Uses Closure. at /home/anhanphu/domains/anhanphu.kennatech.vn/public_html/vendor/laravel/framework/src/Illuminate/Routing/Route.php:1081)
[stacktrace]
#0 /home/anhanphu/domains/anhanphu.kennatech.vn/public_html/vendor/laravel/framework/src/Illuminate/Foundation/Console/RouteCacheCommand.php(62): Illuminate\\Routing\\Route->prepareForSerialization()
#1 [internal function]: Illuminate\\Foundation\\Console\\RouteCacheCommand->handle()
#2 /home/anhanphu/domains/anhanphu.kennatech.vn/public_html/vendor/laravel/framework/src/Illuminate/Container/BoundMethod.php(33): call_user_func_array()
#3 /home/anhanphu/domains/anhanphu.kennatech.vn/public_html/vendor/laravel/framework/src/Illuminate/Container/Util.php(36): Illuminate\\Container\\BoundMethod::Illuminate\\Container\\{closure}()
#4 /home/anhanphu/domains/anhanphu.kennatech.vn/public_html/vendor/laravel/framework/src/Illuminate/Container/BoundMethod.php(91): Illuminate\\Container\\Util::unwrapIfClosure()
#5 /home/anhanphu/domains/anhanphu.kennatech.vn/public_html/vendor/laravel/framework/src/Illuminate/Container/BoundMethod.php(35): Illuminate\\Container\\BoundMethod::callBoundMethod()
#6 /home/anhanphu/domains/anhanphu.kennatech.vn/public_html/vendor/laravel/framework/src/Illuminate/Container/Container.php(592): Illuminate\\Container\\BoundMethod::call()
#7 /home/anhanphu/domains/anhanphu.kennatech.vn/public_html/vendor/laravel/framework/src/Illuminate/Console/Command.php(134): Illuminate\\Container\\Container->call()
#8 /home/anhanphu/domains/anhanphu.kennatech.vn/public_html/vendor/symfony/console/Command/Command.php(255): Illuminate\\Console\\Command->execute()
#9 /home/anhanphu/domains/anhanphu.kennatech.vn/public_html/vendor/laravel/framework/src/Illuminate/Console/Command.php(121): Symfony\\Component\\Console\\Command\\Command->run()
#10 /home/anhanphu/domains/anhanphu.kennatech.vn/public_html/vendor/symfony/console/Application.php(912): Illuminate\\Console\\Command->run()
#11 /home/anhanphu/domains/anhanphu.kennatech.vn/public_html/vendor/symfony/console/Application.php(264): Symfony\\Component\\Console\\Application->doRunCommand()
#12 /home/anhanphu/domains/anhanphu.kennatech.vn/public_html/vendor/symfony/console/Application.php(140): Symfony\\Component\\Console\\Application->doRun()
#13 /home/anhanphu/domains/anhanphu.kennatech.vn/public_html/vendor/laravel/framework/src/Illuminate/Console/Application.php(93): Symfony\\Component\\Console\\Application->run()
#14 /home/anhanphu/domains/anhanphu.kennatech.vn/public_html/vendor/laravel/framework/src/Illuminate/Console/Application.php(185): Illuminate\\Console\\Application->run()
#15 /home/anhanphu/domains/anhanphu.kennatech.vn/public_html/vendor/laravel/framework/src/Illuminate/Foundation/Console/Kernel.php(263): Illuminate\\Console\\Application->call()
#16 /home/anhanphu/domains/anhanphu.kennatech.vn/public_html/vendor/laravel/framework/src/Illuminate/Support/Facades/Facade.php(261): Illuminate\\Foundation\\Console\\Kernel->call()
#17 /home/anhanphu/domains/anhanphu.kennatech.vn/public_html/routes/web.php(88): Illuminate\\Support\\Facades\\Facade::__callStatic()
#18 /home/anhanphu/domains/anhanphu.kennatech.vn/public_html/vendor/laravel/framework/src/Illuminate/Routing/Route.php(211): Illuminate\\Routing\\RouteFileRegistrar->{closure}()
#19 /home/anhanphu/domains/anhanphu.kennatech.vn/public_html/vendor/laravel/framework/src/Illuminate/Routing/Route.php(185): Illuminate\\Routing\\Route->runCallable()
#20 /home/anhanphu/domains/anhanphu.kennatech.vn/public_html/vendor/laravel/framework/src/Illuminate/Routing/Router.php(685): Illuminate\\Routing\\Route->run()
#21 /home/anhanphu/domains/anhanphu.kennatech.vn/public_html/vendor/laravel/framework/src/Illuminate/Pipeline/Pipeline.php(128): Illuminate\\Routing\\Router->Illuminate\\Routing\\{closure}()
#22 /home/anhanphu/domains/anhanphu.kennatech.vn/public_html/app/Http/Middleware/Currency.php(25): Illuminate\\Pipeline\\Pipeline->Illuminate\\Pipeline\\{closure}()
#23 /home/anhanphu/domains/anhanphu.kennatech.vn/public_html/vendor/laravel/framework/src/Illuminate/Pipeline/Pipeline.php(167): App\\Http\\Middleware\\Currency->handle()
#24 /home/anhanphu/domains/anhanphu.kennatech.vn/public_html/app/Http/Middleware/Localization.php(35): Illuminate\\Pipeline\\Pipeline->Illuminate\\Pipeline\\{closure}()
#25 /home/anhanphu/domains/anhanphu.kennatech.vn/public_html/vendor/laravel/framework/src/Illuminate/Pipeline/Pipeline.php(167): App\\Http\\Middleware\\Localization->handle()
#26 /home/anhanphu/domains/anhanphu.kennatech.vn/public_html/vendor/laravel/framework/src/Illuminate/Routing/Middleware/SubstituteBindings.php(41): Illuminate\\Pipeline\\Pipeline->Illuminate\\Pipeline\\{closure}()
#27 /home/anhanphu/domains/anhanphu.kennatech.vn/public_html/vendor/laravel/framework/src/Illuminate/Pipeline/Pipeline.php(167): Illuminate\\Routing\\Middleware\\SubstituteBindings->handle()
#28 /home/anhanphu/domains/anhanphu.kennatech.vn/public_html/vendor/laravel/framework/src/Illuminate/Foundation/Http/Middleware/VerifyCsrfToken.php(76): Illuminate\\Pipeline\\Pipeline->Illuminate\\Pipeline\\{closure}()
#29 /home/anhanphu/domains/anhanphu.kennatech.vn/public_html/vendor/laravel/framework/src/Illuminate/Pipeline/Pipeline.php(167): Illuminate\\Foundation\\Http\\Middleware\\VerifyCsrfToken->handle()
#30 /home/anhanphu/domains/anhanphu.kennatech.vn/public_html/vendor/laravel/framework/src/Illuminate/View/Middleware/ShareErrorsFromSession.php(49): Illuminate\\Pipeline\\Pipeline->Illuminate\\Pipeline\\{closure}()
#31 /home/anhanphu/domains/anhanphu.kennatech.vn/public_html/vendor/laravel/framework/src/Illuminate/Pipeline/Pipeline.php(167): Illuminate\\View\\Middleware\\ShareErrorsFromSession->handle()
#32 /home/anhanphu/domains/anhanphu.kennatech.vn/public_html/vendor/laravel/framework/src/Illuminate/Session/Middleware/StartSession.php(56): Illuminate\\Pipeline\\Pipeline->Illuminate\\Pipeline\\{closure}()
#33 /home/anhanphu/domains/anhanphu.kennatech.vn/public_html/vendor/laravel/framework/src/Illuminate/Pipeline/Pipeline.php(167): Illuminate\\Session\\Middleware\\StartSession->handle()
#34 /home/anhanphu/domains/anhanphu.kennatech.vn/public_html/vendor/laravel/framework/src/Illuminate/Cookie/Middleware/AddQueuedCookiesToResponse.php(37): Illuminate\\Pipeline\\Pipeline->Illuminate\\Pipeline\\{closure}()
#35 /home/anhanphu/domains/anhanphu.kennatech.vn/public_html/vendor/laravel/framework/src/Illuminate/Pipeline/Pipeline.php(167): Illuminate\\Cookie\\Middleware\\AddQueuedCookiesToResponse->handle()
#36 /home/anhanphu/domains/anhanphu.kennatech.vn/public_html/vendor/laravel/framework/src/Illuminate/Cookie/Middleware/EncryptCookies.php(66): Illuminate\\Pipeline\\Pipeline->Illuminate\\Pipeline\\{closure}()
#37 /home/anhanphu/domains/anhanphu.kennatech.vn/public_html/vendor/laravel/framework/src/Illuminate/Pipeline/Pipeline.php(167): Illuminate\\Cookie\\Middleware\\EncryptCookies->handle()
#38 /home/anhanphu/domains/anhanphu.kennatech.vn/public_html/vendor/laravel/framework/src/Illuminate/Pipeline/Pipeline.php(103): Illuminate\\Pipeline\\Pipeline->Illuminate\\Pipeline\\{closure}()
#39 /home/anhanphu/domains/anhanphu.kennatech.vn/public_html/vendor/laravel/framework/src/Illuminate/Routing/Router.php(687): Illuminate\\Pipeline\\Pipeline->then()
#40 /home/anhanphu/domains/anhanphu.kennatech.vn/public_html/vendor/laravel/framework/src/Illuminate/Routing/Router.php(662): Illuminate\\Routing\\Router->runRouteWithinStack()
#41 /home/anhanphu/domains/anhanphu.kennatech.vn/public_html/vendor/laravel/framework/src/Illuminate/Routing/Router.php(628): Illuminate\\Routing\\Router->runRoute()
#42 /home/anhanphu/domains/anhanphu.kennatech.vn/public_html/vendor/laravel/framework/src/Illuminate/Routing/Router.php(617): Illuminate\\Routing\\Router->dispatchToRoute()
#43 /home/anhanphu/domains/anhanphu.kennatech.vn/public_html/vendor/laravel/framework/src/Illuminate/Foundation/Http/Kernel.php(165): Illuminate\\Routing\\Router->dispatch()
#44 /home/anhanphu/domains/anhanphu.kennatech.vn/public_html/vendor/laravel/framework/src/Illuminate/Pipeline/Pipeline.php(128): Illuminate\\Foundation\\Http\\Kernel->Illuminate\\Foundation\\Http\\{closure}()
#45 /home/anhanphu/domains/anhanphu.kennatech.vn/public_html/vendor/barryvdh/laravel-debugbar/src/Middleware/InjectDebugbar.php(65): Illuminate\\Pipeline\\Pipeline->Illuminate\\Pipeline\\{closure}()
#46 /home/anhanphu/domains/anhanphu.kennatech.vn/public_html/vendor/laravel/framework/src/Illuminate/Pipeline/Pipeline.php(167): Barryvdh\\Debugbar\\Middleware\\InjectDebugbar->handle()
#47 /home/anhanphu/domains/anhanphu.kennatech.vn/public_html/vendor/spatie/laravel-pjax/src/Middleware/FilterIfPjax.php(18): Illuminate\\Pipeline\\Pipeline->Illuminate\\Pipeline\\{closure}()
#48 /home/anhanphu/domains/anhanphu.kennatech.vn/public_html/vendor/laravel/framework/src/Illuminate/Pipeline/Pipeline.php(167): Spatie\\Pjax\\Middleware\\FilterIfPjax->handle()
#49 /home/anhanphu/domains/anhanphu.kennatech.vn/public_html/vendor/fideloper/proxy/src/TrustProxies.php(57): Illuminate\\Pipeline\\Pipeline->Illuminate\\Pipeline\\{closure}()
#50 /home/anhanphu/domains/anhanphu.kennatech.vn/public_html/vendor/laravel/framework/src/Illuminate/Pipeline/Pipeline.php(167): Fideloper\\Proxy\\TrustProxies->handle()
#51 /home/anhanphu/domains/anhanphu.kennatech.vn/public_html/vendor/laravel/framework/src/Illuminate/Foundation/Http/Middleware/TransformsRequest.php(21): Illuminate\\Pipeline\\Pipeline->Illuminate\\Pipeline\\{closure}()
#52 /home/anhanphu/domains/anhanphu.kennatech.vn/public_html/vendor/laravel/framework/src/Illuminate/Pipeline/Pipeline.php(167): Illuminate\\Foundation\\Http\\Middleware\\TransformsRequest->handle()
#53 /home/anhanphu/domains/anhanphu.kennatech.vn/public_html/vendor/laravel/framework/src/Illuminate/Foundation/Http/Middleware/TransformsRequest.php(21): Illuminate\\Pipeline\\Pipeline->Illuminate\\Pipeline\\{closure}()
#54 /home/anhanphu/domains/anhanphu.kennatech.vn/public_html/vendor/laravel/framework/src/Illuminate/Pipeline/Pipeline.php(167): Illuminate\\Foundation\\Http\\Middleware\\TransformsRequest->handle()
#55 /home/anhanphu/domains/anhanphu.kennatech.vn/public_html/vendor/laravel/framework/src/Illuminate/Foundation/Http/Middleware/ValidatePostSize.php(27): Illuminate\\Pipeline\\Pipeline->Illuminate\\Pipeline\\{closure}()
#56 /home/anhanphu/domains/anhanphu.kennatech.vn/public_html/vendor/laravel/framework/src/Illuminate/Pipeline/Pipeline.php(167): Illuminate\\Foundation\\Http\\Middleware\\ValidatePostSize->handle()
#57 /home/anhanphu/domains/anhanphu.kennatech.vn/public_html/vendor/laravel/framework/src/Illuminate/Foundation/Http/Middleware/CheckForMaintenanceMode.php(63): Illuminate\\Pipeline\\Pipeline->Illuminate\\Pipeline\\{closure}()
#58 /home/anhanphu/domains/anhanphu.kennatech.vn/public_html/vendor/laravel/framework/src/Illuminate/Pipeline/Pipeline.php(167): Illuminate\\Foundation\\Http\\Middleware\\CheckForMaintenanceMode->handle()
#59 /home/anhanphu/domains/anhanphu.kennatech.vn/public_html/vendor/laravel/framework/src/Illuminate/Pipeline/Pipeline.php(103): Illuminate\\Pipeline\\Pipeline->Illuminate\\Pipeline\\{closure}()
#60 /home/anhanphu/domains/anhanphu.kennatech.vn/public_html/vendor/laravel/framework/src/Illuminate/Foundation/Http/Kernel.php(140): Illuminate\\Pipeline\\Pipeline->then()
#61 /home/anhanphu/domains/anhanphu.kennatech.vn/public_html/vendor/laravel/framework/src/Illuminate/Foundation/Http/Kernel.php(109): Illuminate\\Foundation\\Http\\Kernel->sendRequestThroughRouter()
#62 /home/anhanphu/domains/anhanphu.kennatech.vn/public_html/public/index.php(62): Illuminate\\Foundation\\Http\\Kernel->handle()
#63 {main}
"} 
[2022-01-27 14:12:56] local.ERROR: Unable to prepare route [sc_admin/locale/{code}] for serialization. Uses Closure. {"exception":"[object] (LogicException(code: 0): Unable to prepare route [sc_admin/locale/{code}] for serialization. Uses Closure. at /home/anhanphu/domains/anhanphu.kennatech.vn/public_html/vendor/laravel/framework/src/Illuminate/Routing/Route.php:1081)
[stacktrace]
#0 /home/anhanphu/domains/anhanphu.kennatech.vn/public_html/vendor/laravel/framework/src/Illuminate/Foundation/Console/RouteCacheCommand.php(62): Illuminate\\Routing\\Route->prepareForSerialization()
#1 [internal function]: Illuminate\\Foundation\\Console\\RouteCacheCommand->handle()
#2 /home/anhanphu/domains/anhanphu.kennatech.vn/public_html/vendor/laravel/framework/src/Illuminate/Container/BoundMethod.php(33): call_user_func_array()
#3 /home/anhanphu/domains/anhanphu.kennatech.vn/public_html/vendor/laravel/framework/src/Illuminate/Container/Util.php(36): Illuminate\\Container\\BoundMethod::Illuminate\\Container\\{closure}()
#4 /home/anhanphu/domains/anhanphu.kennatech.vn/public_html/vendor/laravel/framework/src/Illuminate/Container/BoundMethod.php(91): Illuminate\\Container\\Util::unwrapIfClosure()
#5 /home/anhanphu/domains/anhanphu.kennatech.vn/public_html/vendor/laravel/framework/src/Illuminate/Container/BoundMethod.php(35): Illuminate\\Container\\BoundMethod::callBoundMethod()
#6 /home/anhanphu/domains/anhanphu.kennatech.vn/public_html/vendor/laravel/framework/src/Illuminate/Container/Container.php(592): Illuminate\\Container\\BoundMethod::call()
#7 /home/anhanphu/domains/anhanphu.kennatech.vn/public_html/vendor/laravel/framework/src/Illuminate/Console/Command.php(134): Illuminate\\Container\\Container->call()
#8 /home/anhanphu/domains/anhanphu.kennatech.vn/public_html/vendor/symfony/console/Command/Command.php(255): Illuminate\\Console\\Command->execute()
#9 /home/anhanphu/domains/anhanphu.kennatech.vn/public_html/vendor/laravel/framework/src/Illuminate/Console/Command.php(121): Symfony\\Component\\Console\\Command\\Command->run()
#10 /home/anhanphu/domains/anhanphu.kennatech.vn/public_html/vendor/symfony/console/Application.php(912): Illuminate\\Console\\Command->run()
#11 /home/anhanphu/domains/anhanphu.kennatech.vn/public_html/vendor/symfony/console/Application.php(264): Symfony\\Component\\Console\\Application->doRunCommand()
#12 /home/anhanphu/domains/anhanphu.kennatech.vn/public_html/vendor/symfony/console/Application.php(140): Symfony\\Component\\Console\\Application->doRun()
#13 /home/anhanphu/domains/anhanphu.kennatech.vn/public_html/vendor/laravel/framework/src/Illuminate/Console/Application.php(93): Symfony\\Component\\Console\\Application->run()
#14 /home/anhanphu/domains/anhanphu.kennatech.vn/public_html/vendor/laravel/framework/src/Illuminate/Console/Application.php(185): Illuminate\\Console\\Application->run()
#15 /home/anhanphu/domains/anhanphu.kennatech.vn/public_html/vendor/laravel/framework/src/Illuminate/Foundation/Console/Kernel.php(263): Illuminate\\Console\\Application->call()
#16 /home/anhanphu/domains/anhanphu.kennatech.vn/public_html/vendor/laravel/framework/src/Illuminate/Support/Facades/Facade.php(261): Illuminate\\Foundation\\Console\\Kernel->call()
#17 /home/anhanphu/domains/anhanphu.kennatech.vn/public_html/routes/web.php(88): Illuminate\\Support\\Facades\\Facade::__callStatic()
#18 /home/anhanphu/domains/anhanphu.kennatech.vn/public_html/vendor/laravel/framework/src/Illuminate/Routing/Route.php(211): Illuminate\\Routing\\RouteFileRegistrar->{closure}()
#19 /home/anhanphu/domains/anhanphu.kennatech.vn/public_html/vendor/laravel/framework/src/Illuminate/Routing/Route.php(185): Illuminate\\Routing\\Route->runCallable()
#20 /home/anhanphu/domains/anhanphu.kennatech.vn/public_html/vendor/laravel/framework/src/Illuminate/Routing/Router.php(685): Illuminate\\Routing\\Route->run()
#21 /home/anhanphu/domains/anhanphu.kennatech.vn/public_html/vendor/laravel/framework/src/Illuminate/Pipeline/Pipeline.php(128): Illuminate\\Routing\\Router->Illuminate\\Routing\\{closure}()
#22 /home/anhanphu/domains/anhanphu.kennatech.vn/public_html/app/Http/Middleware/Currency.php(25): Illuminate\\Pipeline\\Pipeline->Illuminate\\Pipeline\\{closure}()
#23 /home/anhanphu/domains/anhanphu.kennatech.vn/public_html/vendor/laravel/framework/src/Illuminate/Pipeline/Pipeline.php(167): App\\Http\\Middleware\\Currency->handle()
#24 /home/anhanphu/domains/anhanphu.kennatech.vn/public_html/app/Http/Middleware/Localization.php(35): Illuminate\\Pipeline\\Pipeline->Illuminate\\Pipeline\\{closure}()
#25 /home/anhanphu/domains/anhanphu.kennatech.vn/public_html/vendor/laravel/framework/src/Illuminate/Pipeline/Pipeline.php(167): App\\Http\\Middleware\\Localization->handle()
#26 /home/anhanphu/domains/anhanphu.kennatech.vn/public_html/vendor/laravel/framework/src/Illuminate/Routing/Middleware/SubstituteBindings.php(41): Illuminate\\Pipeline\\Pipeline->Illuminate\\Pipeline\\{closure}()
#27 /home/anhanphu/domains/anhanphu.kennatech.vn/public_html/vendor/laravel/framework/src/Illuminate/Pipeline/Pipeline.php(167): Illuminate\\Routing\\Middleware\\SubstituteBindings->handle()
#28 /home/anhanphu/domains/anhanphu.kennatech.vn/public_html/vendor/laravel/framework/src/Illuminate/Foundation/Http/Middleware/VerifyCsrfToken.php(76): Illuminate\\Pipeline\\Pipeline->Illuminate\\Pipeline\\{closure}()
#29 /home/anhanphu/domains/anhanphu.kennatech.vn/public_html/vendor/laravel/framework/src/Illuminate/Pipeline/Pipeline.php(167): Illuminate\\Foundation\\Http\\Middleware\\VerifyCsrfToken->handle()
#30 /home/anhanphu/domains/anhanphu.kennatech.vn/public_html/vendor/laravel/framework/src/Illuminate/View/Middleware/ShareErrorsFromSession.php(49): Illuminate\\Pipeline\\Pipeline->Illuminate\\Pipeline\\{closure}()
#31 /home/anhanphu/domains/anhanphu.kennatech.vn/public_html/vendor/laravel/framework/src/Illuminate/Pipeline/Pipeline.php(167): Illuminate\\View\\Middleware\\ShareErrorsFromSession->handle()
#32 /home/anhanphu/domains/anhanphu.kennatech.vn/public_html/vendor/laravel/framework/src/Illuminate/Session/Middleware/StartSession.php(56): Illuminate\\Pipeline\\Pipeline->Illuminate\\Pipeline\\{closure}()
#33 /home/anhanphu/domains/anhanphu.kennatech.vn/public_html/vendor/laravel/framework/src/Illuminate/Pipeline/Pipeline.php(167): Illuminate\\Session\\Middleware\\StartSession->handle()
#34 /home/anhanphu/domains/anhanphu.kennatech.vn/public_html/vendor/laravel/framework/src/Illuminate/Cookie/Middleware/AddQueuedCookiesToResponse.php(37): Illuminate\\Pipeline\\Pipeline->Illuminate\\Pipeline\\{closure}()
#35 /home/anhanphu/domains/anhanphu.kennatech.vn/public_html/vendor/laravel/framework/src/Illuminate/Pipeline/Pipeline.php(167): Illuminate\\Cookie\\Middleware\\AddQueuedCookiesToResponse->handle()
#36 /home/anhanphu/domains/anhanphu.kennatech.vn/public_html/vendor/laravel/framework/src/Illuminate/Cookie/Middleware/EncryptCookies.php(66): Illuminate\\Pipeline\\Pipeline->Illuminate\\Pipeline\\{closure}()
#37 /home/anhanphu/domains/anhanphu.kennatech.vn/public_html/vendor/laravel/framework/src/Illuminate/Pipeline/Pipeline.php(167): Illuminate\\Cookie\\Middleware\\EncryptCookies->handle()
#38 /home/anhanphu/domains/anhanphu.kennatech.vn/public_html/vendor/laravel/framework/src/Illuminate/Pipeline/Pipeline.php(103): Illuminate\\Pipeline\\Pipeline->Illuminate\\Pipeline\\{closure}()
#39 /home/anhanphu/domains/anhanphu.kennatech.vn/public_html/vendor/laravel/framework/src/Illuminate/Routing/Router.php(687): Illuminate\\Pipeline\\Pipeline->then()
#40 /home/anhanphu/domains/anhanphu.kennatech.vn/public_html/vendor/laravel/framework/src/Illuminate/Routing/Router.php(662): Illuminate\\Routing\\Router->runRouteWithinStack()
#41 /home/anhanphu/domains/anhanphu.kennatech.vn/public_html/vendor/laravel/framework/src/Illuminate/Routing/Router.php(628): Illuminate\\Routing\\Router->runRoute()
#42 /home/anhanphu/domains/anhanphu.kennatech.vn/public_html/vendor/laravel/framework/src/Illuminate/Routing/Router.php(617): Illuminate\\Routing\\Router->dispatchToRoute()
#43 /home/anhanphu/domains/anhanphu.kennatech.vn/public_html/vendor/laravel/framework/src/Illuminate/Foundation/Http/Kernel.php(165): Illuminate\\Routing\\Router->dispatch()
#44 /home/anhanphu/domains/anhanphu.kennatech.vn/public_html/vendor/laravel/framework/src/Illuminate/Pipeline/Pipeline.php(128): Illuminate\\Foundation\\Http\\Kernel->Illuminate\\Foundation\\Http\\{closure}()
#45 /home/anhanphu/domains/anhanphu.kennatech.vn/public_html/vendor/barryvdh/laravel-debugbar/src/Middleware/InjectDebugbar.php(65): Illuminate\\Pipeline\\Pipeline->Illuminate\\Pipeline\\{closure}()
#46 /home/anhanphu/domains/anhanphu.kennatech.vn/public_html/vendor/laravel/framework/src/Illuminate/Pipeline/Pipeline.php(167): Barryvdh\\Debugbar\\Middleware\\InjectDebugbar->handle()
#47 /home/anhanphu/domains/anhanphu.kennatech.vn/public_html/vendor/spatie/laravel-pjax/src/Middleware/FilterIfPjax.php(18): Illuminate\\Pipeline\\Pipeline->Illuminate\\Pipeline\\{closure}()
#48 /home/anhanphu/domains/anhanphu.kennatech.vn/public_html/vendor/laravel/framework/src/Illuminate/Pipeline/Pipeline.php(167): Spatie\\Pjax\\Middleware\\FilterIfPjax->handle()
#49 /home/anhanphu/domains/anhanphu.kennatech.vn/public_html/vendor/fideloper/proxy/src/TrustProxies.php(57): Illuminate\\Pipeline\\Pipeline->Illuminate\\Pipeline\\{closure}()
#50 /home/anhanphu/domains/anhanphu.kennatech.vn/public_html/vendor/laravel/framework/src/Illuminate/Pipeline/Pipeline.php(167): Fideloper\\Proxy\\TrustProxies->handle()
#51 /home/anhanphu/domains/anhanphu.kennatech.vn/public_html/vendor/laravel/framework/src/Illuminate/Foundation/Http/Middleware/TransformsRequest.php(21): Illuminate\\Pipeline\\Pipeline->Illuminate\\Pipeline\\{closure}()
#52 /home/anhanphu/domains/anhanphu.kennatech.vn/public_html/vendor/laravel/framework/src/Illuminate/Pipeline/Pipeline.php(167): Illuminate\\Foundation\\Http\\Middleware\\TransformsRequest->handle()
#53 /home/anhanphu/domains/anhanphu.kennatech.vn/public_html/vendor/laravel/framework/src/Illuminate/Foundation/Http/Middleware/TransformsRequest.php(21): Illuminate\\Pipeline\\Pipeline->Illuminate\\Pipeline\\{closure}()
#54 /home/anhanphu/domains/anhanphu.kennatech.vn/public_html/vendor/laravel/framework/src/Illuminate/Pipeline/Pipeline.php(167): Illuminate\\Foundation\\Http\\Middleware\\TransformsRequest->handle()
#55 /home/anhanphu/domains/anhanphu.kennatech.vn/public_html/vendor/laravel/framework/src/Illuminate/Foundation/Http/Middleware/ValidatePostSize.php(27): Illuminate\\Pipeline\\Pipeline->Illuminate\\Pipeline\\{closure}()
#56 /home/anhanphu/domains/anhanphu.kennatech.vn/public_html/vendor/laravel/framework/src/Illuminate/Pipeline/Pipeline.php(167): Illuminate\\Foundation\\Http\\Middleware\\ValidatePostSize->handle()
#57 /home/anhanphu/domains/anhanphu.kennatech.vn/public_html/vendor/laravel/framework/src/Illuminate/Foundation/Http/Middleware/CheckForMaintenanceMode.php(63): Illuminate\\Pipeline\\Pipeline->Illuminate\\Pipeline\\{closure}()
#58 /home/anhanphu/domains/anhanphu.kennatech.vn/public_html/vendor/laravel/framework/src/Illuminate/Pipeline/Pipeline.php(167): Illuminate\\Foundation\\Http\\Middleware\\CheckForMaintenanceMode->handle()
#59 /home/anhanphu/domains/anhanphu.kennatech.vn/public_html/vendor/laravel/framework/src/Illuminate/Pipeline/Pipeline.php(103): Illuminate\\Pipeline\\Pipeline->Illuminate\\Pipeline\\{closure}()
#60 /home/anhanphu/domains/anhanphu.kennatech.vn/public_html/vendor/laravel/framework/src/Illuminate/Foundation/Http/Kernel.php(140): Illuminate\\Pipeline\\Pipeline->then()
#61 /home/anhanphu/domains/anhanphu.kennatech.vn/public_html/vendor/laravel/framework/src/Illuminate/Foundation/Http/Kernel.php(109): Illuminate\\Foundation\\Http\\Kernel->sendRequestThroughRouter()
#62 /home/anhanphu/domains/anhanphu.kennatech.vn/public_html/public/index.php(62): Illuminate\\Foundation\\Http\\Kernel->handle()
#63 {main}
"} 
